<?xml version="1.0" encoding="UTF-8"?>
<!-- Generated by org.testng.reporters.JUnitReportReporter -->
<testsuite hostname="Apples-MacBook-Pro.local" failures="0" tests="1" name="com.lise.testcases.DeleteMethod.DeleteResponse" time="0.653" errors="0" timestamp="2023-06-17T14:40:41 IST" skipped="0">
  <testcase classname="com.lise.testcases.DeleteMethod.DeleteResponse" name="deleteResponseTest" time="0.653"/>
</testsuite> <!-- com.lise.testcases.DeleteMethod.DeleteResponse -->
