<?xml version="1.0" encoding="UTF-8"?>
<!-- Generated by org.testng.reporters.JUnitReportReporter -->
<testsuite hostname="Apples-MacBook-Pro.local" failures="0" tests="5" name="com.lise.testcases.PostMethod.PostResponse" time="2.325" errors="0" timestamp="2023-06-19T16:20:20 IST" skipped="0">
  <testcase classname="com.lise.testcases.PostMethod.PostResponse" name="postLoginSuccessfulTest" time="0.407"/>
  <testcase classname="com.lise.testcases.PostMethod.PostResponse" name="postRegisterUnSuccessfulTest" time="0.408"/>
  <testcase classname="com.lise.testcases.PostMethod.PostResponse" name="postLoginUnSuccessfulTest" time="0.407"/>
  <testcase classname="com.lise.testcases.PostMethod.PostResponse" name="postRegisterSuccessfulTest" time="0.410"/>
  <testcase classname="com.lise.testcases.PostMethod.PostResponse" name="postCreateTest" time="0.693"/>
</testsuite> <!-- com.lise.testcases.PostMethod.PostResponse -->
