<?xml version="1.0" encoding="UTF-8"?>
<!-- Generated by org.testng.reporters.JUnitReportReporter -->
<testsuite hostname="Apples-MacBook-Pro.local" failures="0" tests="1" name="com.lise.testcases.PutMethod.PutResponse" time="0.513" errors="0" timestamp="2023-06-19T16:20:20 IST" skipped="0">
  <testcase classname="com.lise.testcases.PutMethod.PutResponse" name="putUpdateTest" time="0.513"/>
</testsuite> <!-- com.lise.testcases.PutMethod.PutResponse -->
