<?xml version="1.0" encoding="UTF-8"?>
<!-- Generated by org.testng.reporters.JUnitReportReporter -->
<testsuite hostname="Apples-MacBook-Pro.local" failures="0" tests="7" name="com.lise.testcases.GetResponse" time="8.053" errors="0" timestamp="2023-06-19T21:20:17 IST" skipped="0">
  <testcase classname="com.lise.testcases.GetResponse" name="getDelayedResponseTest" time="4.235"/>
  <testcase classname="com.lise.testcases.GetResponse" name="getSingleTest" time="0.113"/>
  <testcase classname="com.lise.testcases.GetResponse" name="getSingleResourceTest" time="0.116"/>
  <testcase classname="com.lise.testcases.GetResponse" name="getListResourceTest" time="0.124"/>
  <testcase classname="com.lise.testcases.GetResponse" name="getSingleResourceNotFoundTest" time="0.615"/>
  <testcase classname="com.lise.testcases.GetResponse" name="getSingleUserNotFoundTest" time="0.391"/>
  <testcase classname="com.lise.testcases.GetResponse" name="GetListTest" time="2.459"/>
</testsuite> <!-- com.lise.testcases.GetResponse -->
