<?xml version="1.0" encoding="UTF-8"?>
<!-- Generated by org.testng.reporters.JUnitReportReporter -->
<testsuite hostname="Apples-MacBook-Pro.local" failures="0" tests="1" name="com.lise.testcases.DeleteResponse" time="2.211" errors="0" timestamp="2023-06-19T21:20:17 IST" skipped="0">
  <testcase classname="com.lise.testcases.DeleteResponse" name="deleteResponseTest" time="2.211"/>
</testsuite> <!-- com.lise.testcases.DeleteResponse -->
