<?xml version="1.0" encoding="UTF-8"?>
<!-- Generated by org.testng.reporters.JUnitReportReporter -->
<testsuite hostname="Apples-MacBook-Pro.local" failures="0" tests="5" name="com.lise.testcases.PostResponse" time="4.890" errors="0" timestamp="2023-06-19T21:20:17 IST" skipped="0">
  <testcase classname="com.lise.testcases.PostResponse" name="postLoginSuccessfulTest" time="0.381"/>
  <testcase classname="com.lise.testcases.PostResponse" name="postLoginUnSuccessfulTest" time="0.375"/>
  <testcase classname="com.lise.testcases.PostResponse" name="postCreateTest" time="1.330"/>
  <testcase classname="com.lise.testcases.PostResponse" name="postRegisterSuccessfulTest" time="0.658"/>
  <testcase classname="com.lise.testcases.PostResponse" name="postRegisterUnSuccessfulTest" time="2.146"/>
</testsuite> <!-- com.lise.testcases.PostResponse -->
