<?xml version="1.0" encoding="UTF-8"?>
<!-- Generated by org.testng.reporters.JUnitReportReporter -->
<testsuite hostname="Apples-MacBook-Pro.local" failures="0" tests="1" name="com.lise.testcases.PutResponse" time="0.442" errors="0" timestamp="2023-06-19T21:20:17 IST" skipped="0">
  <testcase classname="com.lise.testcases.PutResponse" name="putUpdateTest" time="0.442"/>
</testsuite> <!-- com.lise.testcases.PutResponse -->
