<?xml version="1.0" encoding="UTF-8"?>
<!-- Generated by org.testng.reporters.JUnitReportReporter -->
<testsuite hostname="Apples-MacBook-Pro.local" failures="0" tests="7" name="com.lise.testcases.GetMethod.GetResponse" time="9.673" errors="0" timestamp="2023-06-17T14:40:41 IST" skipped="0">
  <testcase classname="com.lise.testcases.GetMethod.GetResponse" name="getSingleResourceTest" time="1.355"/>
  <testcase classname="com.lise.testcases.GetMethod.GetResponse" name="getSingleResourceNotFoundTest" time="0.615"/>
  <testcase classname="com.lise.testcases.GetMethod.GetResponse" name="getSingleUserNotFoundTest" time="0.731"/>
  <testcase classname="com.lise.testcases.GetMethod.GetResponse" name="getSingleTest" time="0.337"/>
  <testcase classname="com.lise.testcases.GetMethod.GetResponse" name="getListResourceTest" time="0.351"/>
  <testcase classname="com.lise.testcases.GetMethod.GetResponse" name="GetListTest" time="2.595"/>
  <testcase classname="com.lise.testcases.GetMethod.GetResponse" name="getDelayedResponseTest" time="3.689"/>
</testsuite> <!-- com.lise.testcases.GetMethod.GetResponse -->
