<?xml version="1.0" encoding="UTF-8"?>
<!-- Generated by org.testng.reporters.JUnitReportReporter -->
<testsuite hostname="Apples-MacBook-Pro.local" failures="0" tests="5" name="com.lise.testcases.PostMethod.PostResponse" time="4.584" errors="0" timestamp="2023-06-17T14:40:41 IST" skipped="0">
  <testcase classname="com.lise.testcases.PostMethod.PostResponse" name="postLoginUnSuccessfulTest" time="0.614"/>
  <testcase classname="com.lise.testcases.PostMethod.PostResponse" name="postRegisterUnSuccessfulTest" time="1.535"/>
  <testcase classname="com.lise.testcases.PostMethod.PostResponse" name="postCreateTest" time="1.005"/>
  <testcase classname="com.lise.testcases.PostMethod.PostResponse" name="postLoginSuccessfulTest" time="0.715"/>
  <testcase classname="com.lise.testcases.PostMethod.PostResponse" name="postRegisterSuccessfulTest" time="0.715"/>
</testsuite> <!-- com.lise.testcases.PostMethod.PostResponse -->
