<?xml version="1.0" encoding="UTF-8"?>
<!-- Generated by org.testng.reporters.JUnitReportReporter -->
<testsuite hostname="Apples-MacBook-Pro.local" failures="0" tests="7" name="com.lise.testcases.GetMethod.GetUsersReqres" time="8.203" errors="0" timestamp="2023-06-17T12:00:02 IST" skipped="0">
  <testcase classname="com.lise.testcases.GetMethod.GetUsersReqres" name="getSingleResourceTest" time="0.297"/>
  <testcase classname="com.lise.testcases.GetMethod.GetUsersReqres" name="getDelayedResponseTest" time="3.616"/>
  <testcase classname="com.lise.testcases.GetMethod.GetUsersReqres" name="GetListTest" time="2.441"/>
  <testcase classname="com.lise.testcases.GetMethod.GetUsersReqres" name="getListResourceTest" time="0.306"/>
  <testcase classname="com.lise.testcases.GetMethod.GetUsersReqres" name="getSingleTest" time="0.312"/>
  <testcase classname="com.lise.testcases.GetMethod.GetUsersReqres" name="getSingleResourceNotFoundTest" time="0.613"/>
  <testcase classname="com.lise.testcases.GetMethod.GetUsersReqres" name="getSingleUserNotFoundTest" time="0.618"/>
</testsuite> <!-- com.lise.testcases.GetMethod.GetUsersReqres -->
