<?xml version="1.0" encoding="UTF-8"?>
<!-- Generated by org.testng.reporters.JUnitReportReporter -->
<testsuite hostname="Apples-MacBook-Pro.local" failures="0" tests="7" name="com.lise.testcases.GetMethod.GetResponse" time="7.968" errors="0" timestamp="2023-06-19T16:20:20 IST" skipped="0">
  <testcase classname="com.lise.testcases.GetMethod.GetResponse" name="getSingleTest" time="0.154"/>
  <testcase classname="com.lise.testcases.GetMethod.GetResponse" name="getListResourceTest" time="0.108"/>
  <testcase classname="com.lise.testcases.GetMethod.GetResponse" name="getDelayedResponseTest" time="3.469"/>
  <testcase classname="com.lise.testcases.GetMethod.GetResponse" name="GetListTest" time="3.358"/>
  <testcase classname="com.lise.testcases.GetMethod.GetResponse" name="getSingleUserNotFoundTest" time="0.387"/>
  <testcase classname="com.lise.testcases.GetMethod.GetResponse" name="getSingleResourceTest" time="0.102"/>
  <testcase classname="com.lise.testcases.GetMethod.GetResponse" name="getSingleResourceNotFoundTest" time="0.390"/>
</testsuite> <!-- com.lise.testcases.GetMethod.GetResponse -->
